Linked: (/home/rishabh/grobot_ws/devel/.private/grobot_utilities/include/grobot_utilities/PatrolGoal.h, /home/rishabh/grobot_ws/devel/include/grobot_utilities/PatrolGoal.h)
Linked: (/home/rishabh/grobot_ws/devel/.private/grobot_utilities/include/grobot_utilities/PatrolFeedback.h, /home/rishabh/grobot_ws/devel/include/grobot_utilities/PatrolFeedback.h)
Linked: (/home/rishabh/grobot_ws/devel/.private/grobot_utilities/include/grobot_utilities/PatrolActionGoal.h, /home/rishabh/grobot_ws/devel/include/grobot_utilities/PatrolActionGoal.h)
Linked: (/home/rishabh/grobot_ws/devel/.private/grobot_utilities/include/grobot_utilities/PatrolAction.h, /home/rishabh/grobot_ws/devel/include/grobot_utilities/PatrolAction.h)
Linked: (/home/rishabh/grobot_ws/devel/.private/grobot_utilities/include/grobot_utilities/PatrolActionResult.h, /home/rishabh/grobot_ws/devel/include/grobot_utilities/PatrolActionResult.h)
Linked: (/home/rishabh/grobot_ws/devel/.private/grobot_utilities/include/grobot_utilities/PatrolResult.h, /home/rishabh/grobot_ws/devel/include/grobot_utilities/PatrolResult.h)
Linked: (/home/rishabh/grobot_ws/devel/.private/grobot_utilities/include/grobot_utilities/PatrolActionFeedback.h, /home/rishabh/grobot_ws/devel/include/grobot_utilities/PatrolActionFeedback.h)
Linked: (/home/rishabh/grobot_ws/devel/.private/grobot_utilities/lib/pkgconfig/grobot_utilities.pc, /home/rishabh/grobot_ws/devel/lib/pkgconfig/grobot_utilities.pc)
Linked: (/home/rishabh/grobot_ws/devel/.private/grobot_utilities/lib/python2.7/dist-packages/grobot_utilities/__init__.py, /home/rishabh/grobot_ws/devel/lib/python2.7/dist-packages/grobot_utilities/__init__.py)
Linked: (/home/rishabh/grobot_ws/devel/.private/grobot_utilities/lib/python2.7/dist-packages/grobot_utilities/msg/_PatrolResult.py, /home/rishabh/grobot_ws/devel/lib/python2.7/dist-packages/grobot_utilities/msg/_PatrolResult.py)
Linked: (/home/rishabh/grobot_ws/devel/.private/grobot_utilities/lib/python2.7/dist-packages/grobot_utilities/msg/_PatrolAction.py, /home/rishabh/grobot_ws/devel/lib/python2.7/dist-packages/grobot_utilities/msg/_PatrolAction.py)
Linked: (/home/rishabh/grobot_ws/devel/.private/grobot_utilities/lib/python2.7/dist-packages/grobot_utilities/msg/__init__.py, /home/rishabh/grobot_ws/devel/lib/python2.7/dist-packages/grobot_utilities/msg/__init__.py)
Linked: (/home/rishabh/grobot_ws/devel/.private/grobot_utilities/lib/python2.7/dist-packages/grobot_utilities/msg/_PatrolActionResult.py, /home/rishabh/grobot_ws/devel/lib/python2.7/dist-packages/grobot_utilities/msg/_PatrolActionResult.py)
Linked: (/home/rishabh/grobot_ws/devel/.private/grobot_utilities/lib/python2.7/dist-packages/grobot_utilities/msg/_PatrolActionFeedback.py, /home/rishabh/grobot_ws/devel/lib/python2.7/dist-packages/grobot_utilities/msg/_PatrolActionFeedback.py)
Linked: (/home/rishabh/grobot_ws/devel/.private/grobot_utilities/lib/python2.7/dist-packages/grobot_utilities/msg/_PatrolActionGoal.py, /home/rishabh/grobot_ws/devel/lib/python2.7/dist-packages/grobot_utilities/msg/_PatrolActionGoal.py)
Linked: (/home/rishabh/grobot_ws/devel/.private/grobot_utilities/lib/python2.7/dist-packages/grobot_utilities/msg/_PatrolFeedback.py, /home/rishabh/grobot_ws/devel/lib/python2.7/dist-packages/grobot_utilities/msg/_PatrolFeedback.py)
Linked: (/home/rishabh/grobot_ws/devel/.private/grobot_utilities/lib/python2.7/dist-packages/grobot_utilities/msg/_PatrolGoal.py, /home/rishabh/grobot_ws/devel/lib/python2.7/dist-packages/grobot_utilities/msg/_PatrolGoal.py)
Linked: (/home/rishabh/grobot_ws/devel/.private/grobot_utilities/lib/grobot_utilities/set_initial_pose, /home/rishabh/grobot_ws/devel/lib/grobot_utilities/set_initial_pose)
Linked: (/home/rishabh/grobot_ws/devel/.private/grobot_utilities/share/roseus/ros/grobot_utilities/manifest.l, /home/rishabh/grobot_ws/devel/share/roseus/ros/grobot_utilities/manifest.l)
Linked: (/home/rishabh/grobot_ws/devel/.private/grobot_utilities/share/roseus/ros/grobot_utilities/msg/PatrolActionFeedback.l, /home/rishabh/grobot_ws/devel/share/roseus/ros/grobot_utilities/msg/PatrolActionFeedback.l)
Linked: (/home/rishabh/grobot_ws/devel/.private/grobot_utilities/share/roseus/ros/grobot_utilities/msg/PatrolResult.l, /home/rishabh/grobot_ws/devel/share/roseus/ros/grobot_utilities/msg/PatrolResult.l)
Linked: (/home/rishabh/grobot_ws/devel/.private/grobot_utilities/share/roseus/ros/grobot_utilities/msg/PatrolActionResult.l, /home/rishabh/grobot_ws/devel/share/roseus/ros/grobot_utilities/msg/PatrolActionResult.l)
Linked: (/home/rishabh/grobot_ws/devel/.private/grobot_utilities/share/roseus/ros/grobot_utilities/msg/PatrolActionGoal.l, /home/rishabh/grobot_ws/devel/share/roseus/ros/grobot_utilities/msg/PatrolActionGoal.l)
Linked: (/home/rishabh/grobot_ws/devel/.private/grobot_utilities/share/roseus/ros/grobot_utilities/msg/PatrolGoal.l, /home/rishabh/grobot_ws/devel/share/roseus/ros/grobot_utilities/msg/PatrolGoal.l)
Linked: (/home/rishabh/grobot_ws/devel/.private/grobot_utilities/share/roseus/ros/grobot_utilities/msg/PatrolFeedback.l, /home/rishabh/grobot_ws/devel/share/roseus/ros/grobot_utilities/msg/PatrolFeedback.l)
Linked: (/home/rishabh/grobot_ws/devel/.private/grobot_utilities/share/roseus/ros/grobot_utilities/msg/PatrolAction.l, /home/rishabh/grobot_ws/devel/share/roseus/ros/grobot_utilities/msg/PatrolAction.l)
Linked: (/home/rishabh/grobot_ws/devel/.private/grobot_utilities/share/grobot_utilities/msg/PatrolFeedback.msg, /home/rishabh/grobot_ws/devel/share/grobot_utilities/msg/PatrolFeedback.msg)
Linked: (/home/rishabh/grobot_ws/devel/.private/grobot_utilities/share/grobot_utilities/msg/PatrolGoal.msg, /home/rishabh/grobot_ws/devel/share/grobot_utilities/msg/PatrolGoal.msg)
Linked: (/home/rishabh/grobot_ws/devel/.private/grobot_utilities/share/grobot_utilities/msg/PatrolResult.msg, /home/rishabh/grobot_ws/devel/share/grobot_utilities/msg/PatrolResult.msg)
Linked: (/home/rishabh/grobot_ws/devel/.private/grobot_utilities/share/grobot_utilities/msg/PatrolActionResult.msg, /home/rishabh/grobot_ws/devel/share/grobot_utilities/msg/PatrolActionResult.msg)
Linked: (/home/rishabh/grobot_ws/devel/.private/grobot_utilities/share/grobot_utilities/msg/PatrolActionFeedback.msg, /home/rishabh/grobot_ws/devel/share/grobot_utilities/msg/PatrolActionFeedback.msg)
Linked: (/home/rishabh/grobot_ws/devel/.private/grobot_utilities/share/grobot_utilities/msg/PatrolAction.msg, /home/rishabh/grobot_ws/devel/share/grobot_utilities/msg/PatrolAction.msg)
Linked: (/home/rishabh/grobot_ws/devel/.private/grobot_utilities/share/grobot_utilities/msg/PatrolActionGoal.msg, /home/rishabh/grobot_ws/devel/share/grobot_utilities/msg/PatrolActionGoal.msg)
Linked: (/home/rishabh/grobot_ws/devel/.private/grobot_utilities/share/grobot_utilities/cmake/grobot_utilitiesConfig-version.cmake, /home/rishabh/grobot_ws/devel/share/grobot_utilities/cmake/grobot_utilitiesConfig-version.cmake)
Linked: (/home/rishabh/grobot_ws/devel/.private/grobot_utilities/share/grobot_utilities/cmake/grobot_utilitiesConfig.cmake, /home/rishabh/grobot_ws/devel/share/grobot_utilities/cmake/grobot_utilitiesConfig.cmake)
Linked: (/home/rishabh/grobot_ws/devel/.private/grobot_utilities/share/grobot_utilities/cmake/grobot_utilities-msg-extras.cmake, /home/rishabh/grobot_ws/devel/share/grobot_utilities/cmake/grobot_utilities-msg-extras.cmake)
Linked: (/home/rishabh/grobot_ws/devel/.private/grobot_utilities/share/grobot_utilities/cmake/grobot_utilities-msg-paths.cmake, /home/rishabh/grobot_ws/devel/share/grobot_utilities/cmake/grobot_utilities-msg-paths.cmake)
Linked: (/home/rishabh/grobot_ws/devel/.private/grobot_utilities/share/gennodejs/ros/grobot_utilities/_index.js, /home/rishabh/grobot_ws/devel/share/gennodejs/ros/grobot_utilities/_index.js)
Linked: (/home/rishabh/grobot_ws/devel/.private/grobot_utilities/share/gennodejs/ros/grobot_utilities/msg/PatrolResult.js, /home/rishabh/grobot_ws/devel/share/gennodejs/ros/grobot_utilities/msg/PatrolResult.js)
Linked: (/home/rishabh/grobot_ws/devel/.private/grobot_utilities/share/gennodejs/ros/grobot_utilities/msg/PatrolAction.js, /home/rishabh/grobot_ws/devel/share/gennodejs/ros/grobot_utilities/msg/PatrolAction.js)
Linked: (/home/rishabh/grobot_ws/devel/.private/grobot_utilities/share/gennodejs/ros/grobot_utilities/msg/PatrolFeedback.js, /home/rishabh/grobot_ws/devel/share/gennodejs/ros/grobot_utilities/msg/PatrolFeedback.js)
Linked: (/home/rishabh/grobot_ws/devel/.private/grobot_utilities/share/gennodejs/ros/grobot_utilities/msg/PatrolActionFeedback.js, /home/rishabh/grobot_ws/devel/share/gennodejs/ros/grobot_utilities/msg/PatrolActionFeedback.js)
Linked: (/home/rishabh/grobot_ws/devel/.private/grobot_utilities/share/gennodejs/ros/grobot_utilities/msg/_index.js, /home/rishabh/grobot_ws/devel/share/gennodejs/ros/grobot_utilities/msg/_index.js)
Linked: (/home/rishabh/grobot_ws/devel/.private/grobot_utilities/share/gennodejs/ros/grobot_utilities/msg/PatrolActionResult.js, /home/rishabh/grobot_ws/devel/share/gennodejs/ros/grobot_utilities/msg/PatrolActionResult.js)
Linked: (/home/rishabh/grobot_ws/devel/.private/grobot_utilities/share/gennodejs/ros/grobot_utilities/msg/PatrolGoal.js, /home/rishabh/grobot_ws/devel/share/gennodejs/ros/grobot_utilities/msg/PatrolGoal.js)
Linked: (/home/rishabh/grobot_ws/devel/.private/grobot_utilities/share/gennodejs/ros/grobot_utilities/msg/PatrolActionGoal.js, /home/rishabh/grobot_ws/devel/share/gennodejs/ros/grobot_utilities/msg/PatrolActionGoal.js)
Linked: (/home/rishabh/grobot_ws/devel/.private/grobot_utilities/share/common-lisp/ros/grobot_utilities/msg/PatrolResult.lisp, /home/rishabh/grobot_ws/devel/share/common-lisp/ros/grobot_utilities/msg/PatrolResult.lisp)
Linked: (/home/rishabh/grobot_ws/devel/.private/grobot_utilities/share/common-lisp/ros/grobot_utilities/msg/_package_PatrolResult.lisp, /home/rishabh/grobot_ws/devel/share/common-lisp/ros/grobot_utilities/msg/_package_PatrolResult.lisp)
Linked: (/home/rishabh/grobot_ws/devel/.private/grobot_utilities/share/common-lisp/ros/grobot_utilities/msg/_package_PatrolActionGoal.lisp, /home/rishabh/grobot_ws/devel/share/common-lisp/ros/grobot_utilities/msg/_package_PatrolActionGoal.lisp)
Linked: (/home/rishabh/grobot_ws/devel/.private/grobot_utilities/share/common-lisp/ros/grobot_utilities/msg/_package_PatrolGoal.lisp, /home/rishabh/grobot_ws/devel/share/common-lisp/ros/grobot_utilities/msg/_package_PatrolGoal.lisp)
Linked: (/home/rishabh/grobot_ws/devel/.private/grobot_utilities/share/common-lisp/ros/grobot_utilities/msg/PatrolActionGoal.lisp, /home/rishabh/grobot_ws/devel/share/common-lisp/ros/grobot_utilities/msg/PatrolActionGoal.lisp)
Linked: (/home/rishabh/grobot_ws/devel/.private/grobot_utilities/share/common-lisp/ros/grobot_utilities/msg/PatrolGoal.lisp, /home/rishabh/grobot_ws/devel/share/common-lisp/ros/grobot_utilities/msg/PatrolGoal.lisp)
Linked: (/home/rishabh/grobot_ws/devel/.private/grobot_utilities/share/common-lisp/ros/grobot_utilities/msg/PatrolAction.lisp, /home/rishabh/grobot_ws/devel/share/common-lisp/ros/grobot_utilities/msg/PatrolAction.lisp)
Linked: (/home/rishabh/grobot_ws/devel/.private/grobot_utilities/share/common-lisp/ros/grobot_utilities/msg/_package_PatrolActionResult.lisp, /home/rishabh/grobot_ws/devel/share/common-lisp/ros/grobot_utilities/msg/_package_PatrolActionResult.lisp)
Linked: (/home/rishabh/grobot_ws/devel/.private/grobot_utilities/share/common-lisp/ros/grobot_utilities/msg/_package_PatrolAction.lisp, /home/rishabh/grobot_ws/devel/share/common-lisp/ros/grobot_utilities/msg/_package_PatrolAction.lisp)
Linked: (/home/rishabh/grobot_ws/devel/.private/grobot_utilities/share/common-lisp/ros/grobot_utilities/msg/_package_PatrolActionFeedback.lisp, /home/rishabh/grobot_ws/devel/share/common-lisp/ros/grobot_utilities/msg/_package_PatrolActionFeedback.lisp)
Linked: (/home/rishabh/grobot_ws/devel/.private/grobot_utilities/share/common-lisp/ros/grobot_utilities/msg/PatrolActionFeedback.lisp, /home/rishabh/grobot_ws/devel/share/common-lisp/ros/grobot_utilities/msg/PatrolActionFeedback.lisp)
Linked: (/home/rishabh/grobot_ws/devel/.private/grobot_utilities/share/common-lisp/ros/grobot_utilities/msg/_package_PatrolFeedback.lisp, /home/rishabh/grobot_ws/devel/share/common-lisp/ros/grobot_utilities/msg/_package_PatrolFeedback.lisp)
Linked: (/home/rishabh/grobot_ws/devel/.private/grobot_utilities/share/common-lisp/ros/grobot_utilities/msg/_package.lisp, /home/rishabh/grobot_ws/devel/share/common-lisp/ros/grobot_utilities/msg/_package.lisp)
Linked: (/home/rishabh/grobot_ws/devel/.private/grobot_utilities/share/common-lisp/ros/grobot_utilities/msg/grobot_utilities-msg.asd, /home/rishabh/grobot_ws/devel/share/common-lisp/ros/grobot_utilities/msg/grobot_utilities-msg.asd)
Linked: (/home/rishabh/grobot_ws/devel/.private/grobot_utilities/share/common-lisp/ros/grobot_utilities/msg/PatrolFeedback.lisp, /home/rishabh/grobot_ws/devel/share/common-lisp/ros/grobot_utilities/msg/PatrolFeedback.lisp)
Linked: (/home/rishabh/grobot_ws/devel/.private/grobot_utilities/share/common-lisp/ros/grobot_utilities/msg/PatrolActionResult.lisp, /home/rishabh/grobot_ws/devel/share/common-lisp/ros/grobot_utilities/msg/PatrolActionResult.lisp)
