Symlinking /home/rishabh/grobot_ws/devel/include/grobot_utilities/PatrolGoal.h
Symlinking /home/rishabh/grobot_ws/devel/include/grobot_utilities/PatrolFeedback.h
Symlinking /home/rishabh/grobot_ws/devel/include/grobot_utilities/PatrolActionGoal.h
Symlinking /home/rishabh/grobot_ws/devel/include/grobot_utilities/PatrolAction.h
Symlinking /home/rishabh/grobot_ws/devel/include/grobot_utilities/PatrolActionResult.h
Symlinking /home/rishabh/grobot_ws/devel/include/grobot_utilities/PatrolResult.h
Symlinking /home/rishabh/grobot_ws/devel/include/grobot_utilities/PatrolActionFeedback.h
Symlinking /home/rishabh/grobot_ws/devel/lib/pkgconfig/grobot_utilities.pc
Symlinking /home/rishabh/grobot_ws/devel/lib/python2.7/dist-packages/grobot_utilities/__init__.py
Symlinking /home/rishabh/grobot_ws/devel/lib/python2.7/dist-packages/grobot_utilities/msg/_PatrolResult.py
Symlinking /home/rishabh/grobot_ws/devel/lib/python2.7/dist-packages/grobot_utilities/msg/_PatrolAction.py
Symlinking /home/rishabh/grobot_ws/devel/lib/python2.7/dist-packages/grobot_utilities/msg/__init__.py
Symlinking /home/rishabh/grobot_ws/devel/lib/python2.7/dist-packages/grobot_utilities/msg/_PatrolActionResult.py
Symlinking /home/rishabh/grobot_ws/devel/lib/python2.7/dist-packages/grobot_utilities/msg/_PatrolActionFeedback.py
Symlinking /home/rishabh/grobot_ws/devel/lib/python2.7/dist-packages/grobot_utilities/msg/_PatrolActionGoal.py
Symlinking /home/rishabh/grobot_ws/devel/lib/python2.7/dist-packages/grobot_utilities/msg/_PatrolFeedback.py
Symlinking /home/rishabh/grobot_ws/devel/lib/python2.7/dist-packages/grobot_utilities/msg/_PatrolGoal.py
Symlinking /home/rishabh/grobot_ws/devel/lib/grobot_utilities/set_initial_pose
Symlinking /home/rishabh/grobot_ws/devel/share/roseus/ros/grobot_utilities/manifest.l
Symlinking /home/rishabh/grobot_ws/devel/share/roseus/ros/grobot_utilities/msg/PatrolActionFeedback.l
Symlinking /home/rishabh/grobot_ws/devel/share/roseus/ros/grobot_utilities/msg/PatrolResult.l
Symlinking /home/rishabh/grobot_ws/devel/share/roseus/ros/grobot_utilities/msg/PatrolActionResult.l
Symlinking /home/rishabh/grobot_ws/devel/share/roseus/ros/grobot_utilities/msg/PatrolActionGoal.l
Symlinking /home/rishabh/grobot_ws/devel/share/roseus/ros/grobot_utilities/msg/PatrolGoal.l
Symlinking /home/rishabh/grobot_ws/devel/share/roseus/ros/grobot_utilities/msg/PatrolFeedback.l
Symlinking /home/rishabh/grobot_ws/devel/share/roseus/ros/grobot_utilities/msg/PatrolAction.l
Symlinking /home/rishabh/grobot_ws/devel/share/grobot_utilities/msg/PatrolFeedback.msg
Symlinking /home/rishabh/grobot_ws/devel/share/grobot_utilities/msg/PatrolGoal.msg
Symlinking /home/rishabh/grobot_ws/devel/share/grobot_utilities/msg/PatrolResult.msg
Symlinking /home/rishabh/grobot_ws/devel/share/grobot_utilities/msg/PatrolActionResult.msg
Symlinking /home/rishabh/grobot_ws/devel/share/grobot_utilities/msg/PatrolActionFeedback.msg
Symlinking /home/rishabh/grobot_ws/devel/share/grobot_utilities/msg/PatrolAction.msg
Symlinking /home/rishabh/grobot_ws/devel/share/grobot_utilities/msg/PatrolActionGoal.msg
Symlinking /home/rishabh/grobot_ws/devel/share/grobot_utilities/cmake/grobot_utilitiesConfig-version.cmake
Symlinking /home/rishabh/grobot_ws/devel/share/grobot_utilities/cmake/grobot_utilitiesConfig.cmake
Symlinking /home/rishabh/grobot_ws/devel/share/grobot_utilities/cmake/grobot_utilities-msg-extras.cmake
Symlinking /home/rishabh/grobot_ws/devel/share/grobot_utilities/cmake/grobot_utilities-msg-paths.cmake
Symlinking /home/rishabh/grobot_ws/devel/share/gennodejs/ros/grobot_utilities/_index.js
Symlinking /home/rishabh/grobot_ws/devel/share/gennodejs/ros/grobot_utilities/msg/PatrolResult.js
Symlinking /home/rishabh/grobot_ws/devel/share/gennodejs/ros/grobot_utilities/msg/PatrolAction.js
Symlinking /home/rishabh/grobot_ws/devel/share/gennodejs/ros/grobot_utilities/msg/PatrolFeedback.js
Symlinking /home/rishabh/grobot_ws/devel/share/gennodejs/ros/grobot_utilities/msg/PatrolActionFeedback.js
Symlinking /home/rishabh/grobot_ws/devel/share/gennodejs/ros/grobot_utilities/msg/_index.js
Symlinking /home/rishabh/grobot_ws/devel/share/gennodejs/ros/grobot_utilities/msg/PatrolActionResult.js
Symlinking /home/rishabh/grobot_ws/devel/share/gennodejs/ros/grobot_utilities/msg/PatrolGoal.js
Symlinking /home/rishabh/grobot_ws/devel/share/gennodejs/ros/grobot_utilities/msg/PatrolActionGoal.js
Symlinking /home/rishabh/grobot_ws/devel/share/common-lisp/ros/grobot_utilities/msg/PatrolResult.lisp
Symlinking /home/rishabh/grobot_ws/devel/share/common-lisp/ros/grobot_utilities/msg/_package_PatrolResult.lisp
Symlinking /home/rishabh/grobot_ws/devel/share/common-lisp/ros/grobot_utilities/msg/_package_PatrolActionGoal.lisp
Symlinking /home/rishabh/grobot_ws/devel/share/common-lisp/ros/grobot_utilities/msg/_package_PatrolGoal.lisp
Symlinking /home/rishabh/grobot_ws/devel/share/common-lisp/ros/grobot_utilities/msg/PatrolActionGoal.lisp
Symlinking /home/rishabh/grobot_ws/devel/share/common-lisp/ros/grobot_utilities/msg/PatrolGoal.lisp
Symlinking /home/rishabh/grobot_ws/devel/share/common-lisp/ros/grobot_utilities/msg/PatrolAction.lisp
Symlinking /home/rishabh/grobot_ws/devel/share/common-lisp/ros/grobot_utilities/msg/_package_PatrolActionResult.lisp
Symlinking /home/rishabh/grobot_ws/devel/share/common-lisp/ros/grobot_utilities/msg/_package_PatrolAction.lisp
Symlinking /home/rishabh/grobot_ws/devel/share/common-lisp/ros/grobot_utilities/msg/_package_PatrolActionFeedback.lisp
Symlinking /home/rishabh/grobot_ws/devel/share/common-lisp/ros/grobot_utilities/msg/PatrolActionFeedback.lisp
Symlinking /home/rishabh/grobot_ws/devel/share/common-lisp/ros/grobot_utilities/msg/_package_PatrolFeedback.lisp
Symlinking /home/rishabh/grobot_ws/devel/share/common-lisp/ros/grobot_utilities/msg/_package.lisp
Symlinking /home/rishabh/grobot_ws/devel/share/common-lisp/ros/grobot_utilities/msg/grobot_utilities-msg.asd
Symlinking /home/rishabh/grobot_ws/devel/share/common-lisp/ros/grobot_utilities/msg/PatrolFeedback.lisp
Symlinking /home/rishabh/grobot_ws/devel/share/common-lisp/ros/grobot_utilities/msg/PatrolActionResult.lisp
