[35m[1mScanning dependencies of target set_initial_pose[0m
[  2%] [32mBuilding CXX object CMakeFiles/set_initial_pose.dir/src/set_initial_pose_node.cpp.o[0m
[35m[1mScanning dependencies of target _grobot_utilities_generate_messages_check_deps_PatrolGoal[0m
[35m[1mScanning dependencies of target _grobot_utilities_generate_messages_check_deps_PatrolActionFeedback[0m
[  2%] Built target _grobot_utilities_generate_messages_check_deps_PatrolGoal
[35m[1mScanning dependencies of target _grobot_utilities_generate_messages_check_deps_PatrolActionResult[0m
[  2%] Built target _grobot_utilities_generate_messages_check_deps_PatrolActionFeedback
[  2%] Built target _grobot_utilities_generate_messages_check_deps_PatrolActionResult
[35m[1mScanning dependencies of target _grobot_utilities_generate_messages_check_deps_PatrolResult[0m
[35m[1mScanning dependencies of target actionlib_msgs_generate_messages_eus[0m
[35m[1mScanning dependencies of target _grobot_utilities_generate_messages_check_deps_PatrolActionGoal[0m
[35m[1mScanning dependencies of target _grobot_utilities_generate_messages_check_deps_PatrolAction[0m
[  2%] Built target actionlib_msgs_generate_messages_eus
[  2%] Built target _grobot_utilities_generate_messages_check_deps_PatrolResult
[35m[1mScanning dependencies of target _grobot_utilities_generate_messages_check_deps_PatrolFeedback[0m
[35m[1mScanning dependencies of target actionlib_msgs_generate_messages_py[0m
[35m[1mScanning dependencies of target actionlib_msgs_generate_messages_nodejs[0m
[  2%] Built target _grobot_utilities_generate_messages_check_deps_PatrolAction
[  2%] Built target _grobot_utilities_generate_messages_check_deps_PatrolActionGoal
[  2%] Built target actionlib_msgs_generate_messages_py
[  2%] Built target actionlib_msgs_generate_messages_nodejs
[35m[1mScanning dependencies of target actionlib_msgs_generate_messages_lisp[0m
[35m[1mScanning dependencies of target actionlib_msgs_generate_messages_cpp[0m
[  2%] Built target actionlib_msgs_generate_messages_lisp
[  2%] Built target actionlib_msgs_generate_messages_cpp
[  2%] Built target _grobot_utilities_generate_messages_check_deps_PatrolFeedback
[35m[1mScanning dependencies of target grobot_utilities_generate_messages_py[0m
[35m[1mScanning dependencies of target grobot_utilities_generate_messages_nodejs[0m
[35m[1mScanning dependencies of target grobot_utilities_generate_messages_eus[0m
[35m[1mScanning dependencies of target grobot_utilities_generate_messages_lisp[0m
[35m[1mScanning dependencies of target grobot_utilities_generate_messages_cpp[0m
[  5%] [34m[1mGenerating Python from MSG grobot_utilities/PatrolActionFeedback[0m
[  7%] [34m[1mGenerating Javascript code from grobot_utilities/PatrolActionGoal.msg[0m
[ 10%] [34m[1mGenerating Python from MSG grobot_utilities/PatrolActionGoal[0m
[ 12%] [34m[1mGenerating Lisp code from grobot_utilities/PatrolActionGoal.msg[0m
[ 15%] [34m[1mGenerating EusLisp code from grobot_utilities/PatrolActionGoal.msg[0m
[ 17%] [34m[1mGenerating C++ code from grobot_utilities/PatrolActionGoal.msg[0m
[ 20%] [34m[1mGenerating EusLisp code from grobot_utilities/PatrolActionFeedback.msg[0m
[ 23%] [34m[1mGenerating Javascript code from grobot_utilities/PatrolActionFeedback.msg[0m
[ 25%] [34m[1mGenerating Lisp code from grobot_utilities/PatrolActionFeedback.msg[0m
[ 28%] [34m[1mGenerating Javascript code from grobot_utilities/PatrolActionResult.msg[0m
[ 30%] [34m[1mGenerating Javascript code from grobot_utilities/PatrolAction.msg[0m
[ 33%] [34m[1mGenerating Python from MSG grobot_utilities/PatrolActionResult[0m
[ 35%] [34m[1mGenerating Python from MSG grobot_utilities/PatrolAction[0m
[ 38%] [34m[1mGenerating EusLisp code from grobot_utilities/PatrolActionResult.msg[0m
[ 41%] [34m[1mGenerating Lisp code from grobot_utilities/PatrolActionResult.msg[0m
[ 43%] [34m[1mGenerating Javascript code from grobot_utilities/PatrolFeedback.msg[0m
[ 46%] [34m[1mGenerating Lisp code from grobot_utilities/PatrolAction.msg[0m
[ 48%] [34m[1mGenerating C++ code from grobot_utilities/PatrolActionFeedback.msg[0m
[ 51%] [34m[1mGenerating C++ code from grobot_utilities/PatrolActionResult.msg[0m
[ 53%] [34m[1mGenerating Javascript code from grobot_utilities/PatrolGoal.msg[0m
[ 56%] [34m[1mGenerating EusLisp code from grobot_utilities/PatrolAction.msg[0m
[ 58%] [34m[1mGenerating Lisp code from grobot_utilities/PatrolFeedback.msg[0m
[ 61%] [34m[1mGenerating Javascript code from grobot_utilities/PatrolResult.msg[0m
[ 64%] [34m[1mGenerating Python from MSG grobot_utilities/PatrolFeedback[0m
[ 66%] [34m[1mGenerating C++ code from grobot_utilities/PatrolAction.msg[0m
[ 69%] [34m[1mGenerating Lisp code from grobot_utilities/PatrolGoal.msg[0m
[ 71%] [34m[1mGenerating EusLisp code from grobot_utilities/PatrolFeedback.msg[0m
[ 71%] Built target grobot_utilities_generate_messages_nodejs
[ 74%] [34m[1mGenerating EusLisp code from grobot_utilities/PatrolGoal.msg[0m
[ 76%] [34m[1mGenerating Lisp code from grobot_utilities/PatrolResult.msg[0m
[ 79%] [34m[1mGenerating C++ code from grobot_utilities/PatrolFeedback.msg[0m
[ 82%] [34m[1mGenerating C++ code from grobot_utilities/PatrolGoal.msg[0m
[ 84%] [34m[1mGenerating C++ code from grobot_utilities/PatrolResult.msg[0m
[ 84%] Built target grobot_utilities_generate_messages_lisp
[ 87%] [34m[1mGenerating EusLisp code from grobot_utilities/PatrolResult.msg[0m
[ 89%] [34m[1mGenerating Python from MSG grobot_utilities/PatrolGoal[0m
[ 94%] [34m[1mGenerating Python from MSG grobot_utilities/PatrolResult[0m
[ 94%] [34m[1mGenerating EusLisp manifest code for grobot_utilities[0m
[ 97%] [34m[1mGenerating Python msg __init__.py for grobot_utilities[0m
[ 97%] Built target grobot_utilities_generate_messages_cpp
[ 97%] Built target grobot_utilities_generate_messages_py
[ 97%] Built target grobot_utilities_generate_messages_eus
[35m[1mScanning dependencies of target grobot_utilities_generate_messages[0m
[ 97%] Built target grobot_utilities_generate_messages
[100%] [32m[1mLinking CXX executable /home/rishabh/grobot_ws/devel/.private/grobot_utilities/lib/grobot_utilities/set_initial_pose[0m
[100%] Built target set_initial_pose
